<?xml version="1.0" encoding="UTF-8"?>
<robot generator="Robot 7.3.1 (Python 3.13.2 on win32)" generated="2025-06-26T20:59:27.712634" rpa="false" schemaversion="5">
<suite id="s1" name="Robotframeworkgithub" source="C:\Users\favor\PycharmProjects\robotframeworkgithub">
<suite id="s1-s1" name="Tests" source="C:\Users\favor\PycharmProjects\robotframeworkgithub\tests">
<suite id="s1-s1-s1" name="Orange Demo" source="C:\Users\favor\PycharmProjects\robotframeworkgithub\tests\orange_demo.robot">
<test id="s1-s1-s1-t1" name="Login to orange demo" line="7">
<kw name="Se connecter a Orange demo" owner="resource1">
<kw name="Open Browser" owner="SeleniumLibrary">
<msg time="2025-06-26T20:59:28.000845" level="INFO">Opening browser 'Chrome' to base url 'https://opensource-demo.orangehrmlive.com/web/index.php/auth/login'.</msg>
<arg>${URL}</arg>
<arg>${BROWSER}</arg>
<doc>Opens a new browser instance to the optional ``url``.</doc>
<status status="PASS" start="2025-06-26T20:59:28.000528" elapsed="1.821740"/>
</kw>
<kw name="Maximize Browser Window" owner="SeleniumLibrary">
<doc>Maximizes current browser window.</doc>
<status status="PASS" start="2025-06-26T20:59:29.822561" elapsed="0.033739"/>
</kw>
<kw name="Sleep" owner="BuiltIn">
<msg time="2025-06-26T20:59:31.857323" level="INFO">Slept 2 seconds.</msg>
<arg>2s</arg>
<doc>Pauses the test executed for the given time.</doc>
<status status="PASS" start="2025-06-26T20:59:29.856548" elapsed="2.000966"/>
</kw>
<kw name="Input Text" owner="SeleniumLibrary">
<msg time="2025-06-26T20:59:31.858293" level="INFO">Typing text 'Admin' into text field 'name=username'.</msg>
<arg>name=username</arg>
<arg>Admin</arg>
<doc>Types the given ``text`` into the text field identified by ``locator``.</doc>
<status status="PASS" start="2025-06-26T20:59:31.857775" elapsed="0.080615"/>
</kw>
<kw name="Input Password" owner="SeleniumLibrary">
<msg time="2025-06-26T20:59:31.938768" level="INFO">Typing password into text field 'name=password'.</msg>
<msg time="2025-06-26T20:59:31.963957" level="INFO">Temporally setting log level to: NONE</msg>
<arg>name=password</arg>
<arg>admin123</arg>
<doc>Types the given password into the text field identified by ``locator``.</doc>
<status status="PASS" start="2025-06-26T20:59:31.938563" elapsed="0.067450"/>
</kw>
<kw name="Click Button" owner="SeleniumLibrary">
<msg time="2025-06-26T20:59:32.006347" level="INFO">Clicking button 'xpath=//button[@type='submit']'.</msg>
<arg>xpath=//button[@type='submit']</arg>
<doc>Clicks the button identified by ``locator``.</doc>
<status status="PASS" start="2025-06-26T20:59:32.006174" elapsed="0.062116"/>
</kw>
<kw name="Sleep" owner="BuiltIn">
<msg time="2025-06-26T20:59:34.068962" level="INFO">Slept 2 seconds.</msg>
<arg>2s</arg>
<doc>Pauses the test executed for the given time.</doc>
<status status="PASS" start="2025-06-26T20:59:32.068508" elapsed="2.000771"/>
</kw>
<kw name="Wait Until Page Contains Element" owner="SeleniumLibrary">
<arg>xpath=//h6</arg>
<doc>Waits until the element ``locator`` appears on the current page.</doc>
<status status="PASS" start="2025-06-26T20:59:34.070262" elapsed="0.035387"/>
</kw>
<status status="PASS" start="2025-06-26T20:59:27.999854" elapsed="6.106030"/>
</kw>
<status status="PASS" start="2025-06-26T20:59:27.998717" elapsed="6.107868"/>
</test>
<status status="PASS" start="2025-06-26T20:59:27.742190" elapsed="6.365927"/>
</suite>
<status status="PASS" start="2025-06-26T20:59:27.741157" elapsed="6.371180"/>
</suite>
<status status="PASS" start="2025-06-26T20:59:27.713974" elapsed="6.400790"/>
</suite>
<statistics>
<total>
<stat pass="1" fail="0" skip="0">All Tests</stat>
</total>
<tag>
</tag>
<suite>
<stat name="Robotframeworkgithub" id="s1" pass="1" fail="0" skip="0">Robotframeworkgithub</stat>
<stat name="Tests" id="s1-s1" pass="1" fail="0" skip="0">Robotframeworkgithub.Tests</stat>
<stat name="Orange Demo" id="s1-s1-s1" pass="1" fail="0" skip="0">Robotframeworkgithub.Tests.Orange Demo</stat>
</suite>
</statistics>
<errors>
</errors>
</robot>
